<?xml version="1.0" encoding="UTF-8"?>
<testng-results ignored="0" total="2" passed="2" failed="0" skipped="0">
  <reporter-output>
  </reporter-output>
  <suite started-at="2023-12-22T13:33:21 IST" name="Default suite" finished-at="2023-12-22T13:33:22 IST" duration-ms="1127">
    <groups>
    </groups>
    <test started-at="2023-12-22T13:33:21 IST" name="Default test" finished-at="2023-12-22T13:33:22 IST" duration-ms="1127">
      <class name="JavaTest.NewExcelData">
        <test-method signature="excelWritter()[pri:0, instance:JavaTest.NewExcelData@18d87d80]" started-at="2023-12-22T13:33:21 IST" name="excelWritter" finished-at="2023-12-22T13:33:22 IST" duration-ms="987" status="PASS">
          <reporter-output>
          </reporter-output>
        </test-method> <!-- excelWritter -->
        <test-method signature="main()[pri:0, instance:JavaTest.NewExcelData@18d87d80]" started-at="2023-12-22T13:33:22 IST" name="main" finished-at="2023-12-22T13:33:22 IST" duration-ms="100" status="PASS">
          <reporter-output>
          </reporter-output>
        </test-method> <!-- main -->
      </class> <!-- JavaTest.NewExcelData -->
    </test> <!-- Default test -->
  </suite> <!-- Default suite -->
</testng-results>
